{"account": "0xcCd9F664E4E927976C7bF9FCC7f1B0C71c218364", "event": "Using account", "logger": "scenario_player.main", "level": "info", "timestamp": "2019-05-31 15:36:59.478137"}
{"path": "PosixPath('/home/mschmidt/git/brainbot/scenario-player/scenarios/scenario-simple')", "event": "Data path", "logger": "scenario_player.runner", "level": "debug", "timestamp": "2019-05-31 15:36:59.798585"}
{"run_number": 3, "event": "Run number", "logger": "scenario_player.runner", "level": "info", "timestamp": "2019-05-31 15:36:59.799207"}
{"version": "latest", "event": "Using Raiden version", "logger": "scenario_player.node_support", "level": "info", "timestamp": "2019-05-31 15:36:59.799607"}
{"chain": "rinkeby", "event": "Using chain", "logger": "scenario_player.runner", "level": "info", "timestamp": "2019-05-31 15:36:59.799883"}
{"node": "ccd9f664", "available_nonce": 8, "client": "Geth/v1.8.27-stable-4bcc0a37/linux-amd64/go1.11.9", "event": "JSONRPCClient created", "logger": "raiden.network.rpc.client", "level": "debug", "timestamp": "2019-05-31 15:37:00.578052"}
{"lookup_url": "https://raiden-nightlies.ams3.digitaloceanspaces.com/_LATEST-linux-x86_64.txt", "event": "Fetching latest Raiden release", "logger": "scenario_player.node_support", "level": "debug", "timestamp": "2019-05-31 15:37:00.650938"}
{"release_file_name": "raiden-v0.100.3-linux-x86_64.tar.gz", "event": "Downloading Raiden release", "logger": "scenario_player.node_support", "level": "debug", "timestamp": "2019-05-31 15:37:01.735358"}
{"release_file_name": "raiden-v0.100.3-linux-x86_64.tar.gz", "bin_file_name": "raiden-v0.100.3-linux-x86_64", "event": "Extracting Raiden binary", "logger": "scenario_player.node_support", "level": "debug", "timestamp": "2019-05-31 15:37:03.311602"}
{"node": 0, "rpc_endpoint": "http://geth.rinkeby.ethnodes.brainbot.com:8545", "event": "Using endpoint for node", "logger": "scenario_player.node_support", "level": "debug", "timestamp": "2019-05-31 15:37:03.393307"}
{"node": 1, "rpc_endpoint": "http://geth.rinkeby.ethnodes.brainbot.com:8545", "event": "Using endpoint for node", "logger": "scenario_player.node_support", "level": "debug", "timestamp": "2019-05-31 15:37:03.453271"}
{"event": "Starting nodes", "logger": "scenario_player.node_support", "level": "info", "timestamp": "2019-05-31 15:37:03.520367"}
{"name": "Scenario Test Token 71bbf289-121e-4d6a-b66e-2b722550b5d9 2019-05-31T17:37", "symbol": "T71b", "decimals": 18, "event": "Deploying token", "logger": "scenario_player.utils", "level": "debug", "timestamp": "2019-05-31 15:37:03.521512"}
{"node": 0, "address": "0xBF5EFedCDfFE569aDD51D53d6A407026a4918600", "port": "56095", "event": "Starting node", "logger": "scenario_player.node_support", "level": "info", "timestamp": "2019-05-31 15:37:03.546171"}
{"command": "/home/mschmidt/git/brainbot/scenario-player/raiden_releases/bin/raiden-v0.100.3-linux-x86_64 --accept-disclaimer --datadir /home/mschmidt/git/brainbot/scenario-player/scenarios/scenario-simple/node_000 --keystore-path /home/mschmidt/git/brainbot/scenario-player/scenarios/scenario-simple/node_000/keys --address 0xBF5EFedCDfFE569aDD51D53d6A407026a4918600 --password-file /home/mschmidt/git/brainbot/scenario-player/scenarios/scenario-simple/node_000/password.txt --network-id 4 --sync-check --gas-price fast --eth-rpc-endpoint http://geth.rinkeby.ethnodes.brainbot.com:8545 --log-config :info,raiden:debug,raiden_contracts:debug,raiden.api.rest.pywsgi:warning --log-json --log-file /home/mschmidt/git/brainbot/scenario-player/scenarios/scenario-simple/node_000/run-003.log --disable-debug-logfile --matrix-server auto --api-address 127.0.0.1:56095 --no-web-ui --environment-type development --gas-price fast", "event": "Node start command", "logger": "scenario_player.node_support", "level": "debug", "timestamp": "2019-05-31 15:37:03.607010"}
{"node": 1, "address": "0x51375e916c9a4c7660573F598F8FFF2F748AB374", "port": "43201", "event": "Starting node", "logger": "scenario_player.node_support", "level": "info", "timestamp": "2019-05-31 15:37:03.608061"}
{"command": "/home/mschmidt/git/brainbot/scenario-player/raiden_releases/bin/raiden-v0.100.3-linux-x86_64 --accept-disclaimer --datadir /home/mschmidt/git/brainbot/scenario-player/scenarios/scenario-simple/node_001 --keystore-path /home/mschmidt/git/brainbot/scenario-player/scenarios/scenario-simple/node_001/keys --address 0x51375e916c9a4c7660573F598F8FFF2F748AB374 --password-file /home/mschmidt/git/brainbot/scenario-player/scenarios/scenario-simple/node_001/password.txt --network-id 4 --sync-check --gas-price fast --eth-rpc-endpoint http://geth.rinkeby.ethnodes.brainbot.com:8545 --log-config :info,raiden:debug,raiden_contracts:debug,raiden.api.rest.pywsgi:warning --log-json --log-file /home/mschmidt/git/brainbot/scenario-player/scenarios/scenario-simple/node_001/run-003.log --disable-debug-logfile --matrix-server auto --api-address 127.0.0.1:43201 --no-web-ui --environment-type development --gas-price fast", "event": "Node start command", "logger": "scenario_player.node_support", "level": "debug", "timestamp": "2019-05-31 15:37:03.667759"}
{"node": "ccd9f664", "calculated_gas_price": 1100000000, "node_gas_price": 1000000000, "event": "Calculated gas price for transaction", "logger": "raiden.network.rpc.client", "level": "debug", "timestamp": "2019-05-31 15:37:08.848172"}
{"node": "ccd9f664", "nonce": 8, "gasLimit": 2989742, "gasPrice": 1100000000, "event": "send_raw_transaction called", "logger": "raiden.network.rpc.client", "level": "debug", "timestamp": "2019-05-31 15:37:08.852787"}
{"tx_hash": "0x438633b9920d0f71d97cf52621139aaf4060231b530668e303ab84a63be1c819", "node": "ccd9f664", "nonce": 8, "gasLimit": 2989742, "gasPrice": 1100000000, "event": "send_raw_transaction returned", "logger": "raiden.network.rpc.client", "level": "debug", "timestamp": "2019-05-31 15:37:08.885217"}
{"node": 0, "duration": "0:00:14.815557", "event": "Node started", "logger": "scenario_player.node_support", "level": "info", "timestamp": "2019-05-31 15:37:18.423336"}
{"node": 1, "duration": "0:00:14.957930", "event": "Node started", "logger": "scenario_player.node_support", "level": "info", "timestamp": "2019-05-31 15:37:18.626362"}
{"event": "All nodes started", "logger": "scenario_player.node_support", "level": "info", "timestamp": "2019-05-31 15:37:18.627080"}
{"address": "0xd84d0D4a7243ce77ecB250E380322aaF9dB60299", "name": "Scenario Test Token 71bbf289-121e-4d6a-b66e-2b722550b5d9 2019-05-31T17:37", "symbol": "T71b", "event": "Deployed token", "logger": "scenario_player.utils", "level": "info", "timestamp": "2019-05-31 15:37:28.001568"}
{"address": "0xBF5EFedCDfFE569aDD51D53d6A407026a4918600", "amount": 10000, "event": "Minting tokens for", "logger": "scenario_player.utils", "level": "debug", "timestamp": "2019-05-31 15:37:28.032477"}
{"node": "ccd9f664", "calculated_gas_price": 1162013081, "node_gas_price": 1000000000, "event": "Calculated gas price for transaction", "logger": "raiden.network.rpc.client", "level": "debug", "timestamp": "2019-05-31 15:37:28.264574"}
{"node": "ccd9f664", "nonce": 9, "gasLimit": 200000, "gasPrice": 1162013081, "event": "send_raw_transaction called", "logger": "raiden.network.rpc.client", "level": "debug", "timestamp": "2019-05-31 15:37:28.267096"}
{"tx_hash": "0x1de48e70702378cb629c51fbebda78c8c981b5e8e6d9ec56269fc67e384ee9d9", "node": "ccd9f664", "nonce": 9, "gasLimit": 200000, "gasPrice": 1162013081, "event": "send_raw_transaction returned", "logger": "raiden.network.rpc.client", "level": "debug", "timestamp": "2019-05-31 15:37:28.298436"}
{"address": "0x51375e916c9a4c7660573F598F8FFF2F748AB374", "amount": 10000, "event": "Minting tokens for", "logger": "scenario_player.utils", "level": "debug", "timestamp": "2019-05-31 15:37:28.330132"}
{"node": "ccd9f664", "calculated_gas_price": 1162013081, "node_gas_price": 1000000000, "event": "Calculated gas price for transaction", "logger": "raiden.network.rpc.client", "level": "debug", "timestamp": "2019-05-31 15:37:28.462852"}
{"node": "ccd9f664", "nonce": 10, "gasLimit": 200000, "gasPrice": 1162013081, "event": "send_raw_transaction called", "logger": "raiden.network.rpc.client", "level": "debug", "timestamp": "2019-05-31 15:37:28.464419"}
{"tx_hash": "0x9f13524f76f8682bbfb2e79d18469e967ed464e919691606ad20318bdf954235", "node": "ccd9f664", "nonce": 10, "gasLimit": 200000, "gasPrice": 1162013081, "event": "send_raw_transaction returned", "logger": "raiden.network.rpc.client", "level": "debug", "timestamp": "2019-05-31 15:37:28.493132"}
{"outstanding": 2, "timeout_remaining": 359, "event": "Waiting for tx confirmations", "logger": "scenario_player.utils", "level": "debug", "timestamp": "2019-05-31 15:37:28.493800"}
{"event": "Waiting for nodes to finish starting", "logger": "scenario_player.runner", "level": "debug", "timestamp": "2019-05-31 15:37:43.673284"}
{"url": "http://127.0.0.1:56095/api/v1/tokens/0xd84d0D4a7243ce77ecB250E380322aaF9dB60299", "event": "Registering token with network", "logger": "scenario_player.runner", "level": "info", "timestamp": "2019-05-31 15:37:43.683736"}
{"event": "Waiting till new network is found by nodes", "logger": "scenario_player.runner", "level": "info", "timestamp": "2019-05-31 15:39:13.843451"}
{"token_network_address": "0x3a88C85522c71660Ace2b767a9f947A45B6A91Fb", "event": "Received token network address", "logger": "scenario_player.runner", "level": "info", "timestamp": "2019-05-31 15:39:14.892007"}
{"task": "<SerialTask: {'tasks': [{'wait': 20}, {'parallel': {'name': 'Open channels', 'tasks': [{'open_channel': {'from': 0, 'to': 1}}, {'open_channel': {'from': 1, 'to': 0}}]}}, {'wait': 10}, {'parallel': {'name': 'Deposit', 'tasks': [{'deposit': {'from': 0, 'to': 1, 'total_deposit': 1000}}, {'deposit': {'from': 1, 'to': 0, 'total_deposit': 1000}}]}}, {'serial': {'name': 'Serial transfers', 'repeat': 10, 'tasks': [{'transfer': {'from': 0, 'to': 1, 'amount': 1}}, {'transfer': {'from': 1, 'to': 0, 'amount': 1}}]}}, {'wait': 10}, {'parallel': {'name': 'Assert end', 'tasks': [{'assert': {'from': 0, 'to': 1, 'balance': 1000}}, {'assert': {'from': 1, 'to': 0, 'balance': 1000}}]}}]}>", "id": "1", "event": "Starting task", "logger": "scenario_player.tasks.base", "level": "info", "timestamp": "2019-05-31 15:39:14.893852"}
{"task": "<WaitTask: 20>", "id": "2", "event": "Starting task", "logger": "scenario_player.tasks.base", "level": "info", "timestamp": "2019-05-31 15:39:14.895568"}
{"task": "<WaitTask: 20>", "id": "2", "event": "Task successful", "logger": "scenario_player.tasks.base", "level": "info", "timestamp": "2019-05-31 15:39:34.897259"}
{"task": "<ParallelTask: {'name': 'Open channels', 'tasks': [{'open_channel': {'from': 0, 'to': 1}}, {'open_channel': {'from': 1, 'to': 0}}]}>", "id": "3", "event": "Starting task", "logger": "scenario_player.tasks.base", "level": "info", "timestamp": "2019-05-31 15:39:34.898684"}
{"task": "<OpenChannelTask: {'from': 0, 'to': 1}>", "id": "4", "event": "Starting task", "logger": "scenario_player.tasks.base", "level": "info", "timestamp": "2019-05-31 15:39:34.899889"}
{"url": "http://127.0.0.1:56095/api/v1/channels", "method": "put", "json": {"token_address": "0xd84d0D4a7243ce77ecB250E380322aaF9dB60299", "partner_address": "0x51375e916c9a4c7660573F598F8FFF2F748AB374"}, "id": "4", "event": "Requesting", "logger": "scenario_player.tasks.api_base", "level": "debug", "timestamp": "2019-05-31 15:39:34.901007"}
{"task": "<OpenChannelTask: {'from': 1, 'to': 0}>", "id": "5", "event": "Starting task", "logger": "scenario_player.tasks.base", "level": "info", "timestamp": "2019-05-31 15:39:34.905177"}
{"url": "http://127.0.0.1:43201/api/v1/channels", "method": "put", "json": {"token_address": "0xd84d0D4a7243ce77ecB250E380322aaF9dB60299", "partner_address": "0xBF5EFedCDfFE569aDD51D53d6A407026a4918600"}, "id": "5", "event": "Requesting", "logger": "scenario_player.tasks.api_base", "level": "debug", "timestamp": "2019-05-31 15:39:34.906210"}
{"json": {"reveal_timeout": 50, "balance": 0, "token_network_identifier": "0x3a88C85522c71660Ace2b767a9f947A45B6A91Fb", "partner_address": "0x51375e916c9a4c7660573F598F8FFF2F748AB374", "state": "opened", "settle_timeout": 500, "total_deposit": 0, "token_address": "0xd84d0D4a7243ce77ecB250E380322aaF9dB60299", "channel_identifier": 1}, "id": "4", "event": "Received response", "logger": "scenario_player.tasks.api_base", "level": "debug", "timestamp": "2019-05-31 15:41:02.032432"}
{"task": "<OpenChannelTask: {'from': 0, 'to': 1}>", "id": "4", "event": "Task successful", "logger": "scenario_player.tasks.base", "level": "info", "timestamp": "2019-05-31 15:41:02.034234"}
{"json": {"balance": 0, "partner_address": "0xBF5EFedCDfFE569aDD51D53d6A407026a4918600", "state": "opened", "reveal_timeout": 50, "settle_timeout": 500, "channel_identifier": 1, "token_address": "0xd84d0D4a7243ce77ecB250E380322aaF9dB60299", "token_network_identifier": "0x3a88C85522c71660Ace2b767a9f947A45B6A91Fb", "total_deposit": 0}, "id": "5", "event": "Received response", "logger": "scenario_player.tasks.api_base", "level": "debug", "timestamp": "2019-05-31 15:41:02.118410"}
{"task": "<OpenChannelTask: {'from': 1, 'to': 0}>", "id": "5", "event": "Task successful", "logger": "scenario_player.tasks.base", "level": "info", "timestamp": "2019-05-31 15:41:02.119133"}
{"task": "<ParallelTask: {'name': 'Open channels', 'tasks': [{'open_channel': {'from': 0, 'to': 1}}, {'open_channel': {'from': 1, 'to': 0}}]}>", "id": "3", "event": "Task successful", "logger": "scenario_player.tasks.base", "level": "info", "timestamp": "2019-05-31 15:41:02.119677"}
{"task": "<WaitTask: 10>", "id": "6", "event": "Starting task", "logger": "scenario_player.tasks.base", "level": "info", "timestamp": "2019-05-31 15:41:02.120133"}
{"task": "<WaitTask: 10>", "id": "6", "event": "Task successful", "logger": "scenario_player.tasks.base", "level": "info", "timestamp": "2019-05-31 15:41:12.121023"}
{"task": "<ParallelTask: {'name': 'Deposit', 'tasks': [{'deposit': {'from': 0, 'to': 1, 'total_deposit': 1000}}, {'deposit': {'from': 1, 'to': 0, 'total_deposit': 1000}}]}>", "id": "7", "event": "Starting task", "logger": "scenario_player.tasks.base", "level": "info", "timestamp": "2019-05-31 15:41:12.121833"}
{"task": "<DepositTask: {'from': 0, 'to': 1, 'total_deposit': 1000}>", "id": "8", "event": "Starting task", "logger": "scenario_player.tasks.base", "level": "info", "timestamp": "2019-05-31 15:41:12.122520"}
{"url": "http://127.0.0.1:56095/api/v1/channels/0xd84d0D4a7243ce77ecB250E380322aaF9dB60299/0x51375e916c9a4c7660573F598F8FFF2F748AB374", "method": "patch", "json": {"total_deposit": 1000}, "id": "8", "event": "Requesting", "logger": "scenario_player.tasks.api_base", "level": "debug", "timestamp": "2019-05-31 15:41:12.123133"}
{"task": "<DepositTask: {'from': 1, 'to': 0, 'total_deposit': 1000}>", "id": "9", "event": "Starting task", "logger": "scenario_player.tasks.base", "level": "info", "timestamp": "2019-05-31 15:41:12.125449"}
{"url": "http://127.0.0.1:43201/api/v1/channels/0xd84d0D4a7243ce77ecB250E380322aaF9dB60299/0xBF5EFedCDfFE569aDD51D53d6A407026a4918600", "method": "patch", "json": {"total_deposit": 1000}, "id": "9", "event": "Requesting", "logger": "scenario_player.tasks.api_base", "level": "debug", "timestamp": "2019-05-31 15:41:12.126038"}
{"json": {"balance": 1000, "partner_address": "0xBF5EFedCDfFE569aDD51D53d6A407026a4918600", "state": "opened", "reveal_timeout": 50, "settle_timeout": 500, "channel_identifier": 1, "token_address": "0xd84d0D4a7243ce77ecB250E380322aaF9dB60299", "token_network_identifier": "0x3a88C85522c71660Ace2b767a9f947A45B6A91Fb", "total_deposit": 1000}, "id": "9", "event": "Received response", "logger": "scenario_player.tasks.api_base", "level": "debug", "timestamp": "2019-05-31 15:45:44.018074"}
{"task": "<DepositTask: {'from': 1, 'to': 0, 'total_deposit': 1000}>", "id": "9", "event": "Task successful", "logger": "scenario_player.tasks.base", "level": "info", "timestamp": "2019-05-31 15:45:44.019384"}
{"json": {"reveal_timeout": 50, "balance": 1000, "token_network_identifier": "0x3a88C85522c71660Ace2b767a9f947A45B6A91Fb", "partner_address": "0x51375e916c9a4c7660573F598F8FFF2F748AB374", "state": "opened", "settle_timeout": 500, "total_deposit": 1000, "token_address": "0xd84d0D4a7243ce77ecB250E380322aaF9dB60299", "channel_identifier": 1}, "id": "8", "event": "Received response", "logger": "scenario_player.tasks.api_base", "level": "debug", "timestamp": "2019-05-31 15:45:44.361094"}
{"task": "<DepositTask: {'from': 0, 'to': 1, 'total_deposit': 1000}>", "id": "8", "event": "Task successful", "logger": "scenario_player.tasks.base", "level": "info", "timestamp": "2019-05-31 15:45:44.361941"}
{"task": "<ParallelTask: {'name': 'Deposit', 'tasks': [{'deposit': {'from': 0, 'to': 1, 'total_deposit': 1000}}, {'deposit': {'from': 1, 'to': 0, 'total_deposit': 1000}}]}>", "id": "7", "event": "Task successful", "logger": "scenario_player.tasks.base", "level": "info", "timestamp": "2019-05-31 15:45:44.362597"}
{"task": "<SerialTask: {'name': 'Serial transfers', 'repeat': 10, 'tasks': [{'transfer': {'from': 0, 'to': 1, 'amount': 1}}, {'transfer': {'from': 1, 'to': 0, 'amount': 1}}]}>", "id": "10", "event": "Starting task", "logger": "scenario_player.tasks.base", "level": "info", "timestamp": "2019-05-31 15:45:44.363213"}
{"task": "<TransferTask: {'from': 0, 'to': 1, 'amount': 1}>", "id": "11", "event": "Starting task", "logger": "scenario_player.tasks.base", "level": "info", "timestamp": "2019-05-31 15:45:44.363804"}
{"url": "http://127.0.0.1:56095/api/v1/payments/0xd84d0D4a7243ce77ecB250E380322aaF9dB60299/0x51375e916c9a4c7660573F598F8FFF2F748AB374", "method": "post", "json": {"amount": 1}, "id": "11", "event": "Requesting", "logger": "scenario_player.tasks.api_base", "level": "debug", "timestamp": "2019-05-31 15:45:44.364401"}
{"json": {"initiator_address": "0xBF5EFedCDfFE569aDD51D53d6A407026a4918600", "target_address": "0x51375e916c9a4c7660573F598F8FFF2F748AB374", "amount": 1, "secret_hash": "0x59626b46a31a5b3be69e103d83fc8514d48bbd3239199e2d0f3a30d73be7235d", "identifier": 5611706409519968622, "secret": "0x3189c4a516a3ded26c816aa55b817a3d67eb08ab517ac5e222297139a3394338", "token_address": "0xd84d0D4a7243ce77ecB250E380322aaF9dB60299"}, "id": "11", "event": "Received response", "logger": "scenario_player.tasks.api_base", "level": "debug", "timestamp": "2019-05-31 15:45:46.171309"}
{"task": "<TransferTask: {'from': 0, 'to': 1, 'amount': 1}>", "id": "11", "event": "Task successful", "logger": "scenario_player.tasks.base", "level": "info", "timestamp": "2019-05-31 15:45:46.172092"}
{"task": "<TransferTask: {'from': 1, 'to': 0, 'amount': 1}>", "id": "12", "event": "Starting task", "logger": "scenario_player.tasks.base", "level": "info", "timestamp": "2019-05-31 15:45:46.172592"}
{"url": "http://127.0.0.1:43201/api/v1/payments/0xd84d0D4a7243ce77ecB250E380322aaF9dB60299/0xBF5EFedCDfFE569aDD51D53d6A407026a4918600", "method": "post", "json": {"amount": 1}, "id": "12", "event": "Requesting", "logger": "scenario_player.tasks.api_base", "level": "debug", "timestamp": "2019-05-31 15:45:46.173110"}
{"json": {"target_address": "0xBF5EFedCDfFE569aDD51D53d6A407026a4918600", "secret": "0xef0f49d14723a44be48b7073af8548a61ba463d896042f927841e6937af9a266", "amount": 1, "identifier": 5997868794711397065, "secret_hash": "0x627efe24ca6cd167231cc789308cb2b3c68b6db02467bd6b89dca5f8ceb2d3c7", "token_address": "0xd84d0D4a7243ce77ecB250E380322aaF9dB60299", "initiator_address": "0x51375e916c9a4c7660573F598F8FFF2F748AB374"}, "id": "12", "event": "Received response", "logger": "scenario_player.tasks.api_base", "level": "debug", "timestamp": "2019-05-31 15:45:47.770897"}
{"task": "<TransferTask: {'from': 1, 'to': 0, 'amount': 1}>", "id": "12", "event": "Task successful", "logger": "scenario_player.tasks.base", "level": "info", "timestamp": "2019-05-31 15:45:47.771518"}
{"task": "<TransferTask: {'from': 0, 'to': 1, 'amount': 1}>", "id": "13", "event": "Starting task", "logger": "scenario_player.tasks.base", "level": "info", "timestamp": "2019-05-31 15:45:47.771931"}
{"url": "http://127.0.0.1:56095/api/v1/payments/0xd84d0D4a7243ce77ecB250E380322aaF9dB60299/0x51375e916c9a4c7660573F598F8FFF2F748AB374", "method": "post", "json": {"amount": 1}, "id": "13", "event": "Requesting", "logger": "scenario_player.tasks.api_base", "level": "debug", "timestamp": "2019-05-31 15:45:47.772356"}
{"json": {"initiator_address": "0xBF5EFedCDfFE569aDD51D53d6A407026a4918600", "target_address": "0x51375e916c9a4c7660573F598F8FFF2F748AB374", "amount": 1, "secret_hash": "0x86bd2de4bc80851a6dae0f7223f41c84bf6c98f3d72287237fd12f8de39c38b3", "identifier": 7027781313944005298, "secret": "0x25445373013173e08f074e505f1d671b9afad6a188b5a11f4290bf2c6f4f0b0a", "token_address": "0xd84d0D4a7243ce77ecB250E380322aaF9dB60299"}, "id": "13", "event": "Received response", "logger": "scenario_player.tasks.api_base", "level": "debug", "timestamp": "2019-05-31 15:45:49.060946"}
{"task": "<TransferTask: {'from': 0, 'to': 1, 'amount': 1}>", "id": "13", "event": "Task successful", "logger": "scenario_player.tasks.base", "level": "info", "timestamp": "2019-05-31 15:45:49.061511"}
{"task": "<TransferTask: {'from': 1, 'to': 0, 'amount': 1}>", "id": "14", "event": "Starting task", "logger": "scenario_player.tasks.base", "level": "info", "timestamp": "2019-05-31 15:45:49.061897"}
{"url": "http://127.0.0.1:43201/api/v1/payments/0xd84d0D4a7243ce77ecB250E380322aaF9dB60299/0xBF5EFedCDfFE569aDD51D53d6A407026a4918600", "method": "post", "json": {"amount": 1}, "id": "14", "event": "Requesting", "logger": "scenario_player.tasks.api_base", "level": "debug", "timestamp": "2019-05-31 15:45:49.062283"}
{"json": {"target_address": "0xBF5EFedCDfFE569aDD51D53d6A407026a4918600", "secret": "0x4d98ea6714aef965aced796b5a449485740f5d77b4e02c82eb4f3ec699fdc661", "amount": 1, "identifier": 1127103493164671669, "secret_hash": "0xe79595c84813f8aae0a37e5fd30718d8e8eb11b2a35518cb5248807dfc3302c8", "token_address": "0xd84d0D4a7243ce77ecB250E380322aaF9dB60299", "initiator_address": "0x51375e916c9a4c7660573F598F8FFF2F748AB374"}, "id": "14", "event": "Received response", "logger": "scenario_player.tasks.api_base", "level": "debug", "timestamp": "2019-05-31 15:45:50.735479"}
{"task": "<TransferTask: {'from': 1, 'to': 0, 'amount': 1}>", "id": "14", "event": "Task successful", "logger": "scenario_player.tasks.base", "level": "info", "timestamp": "2019-05-31 15:45:50.736028"}
{"task": "<TransferTask: {'from': 0, 'to': 1, 'amount': 1}>", "id": "15", "event": "Starting task", "logger": "scenario_player.tasks.base", "level": "info", "timestamp": "2019-05-31 15:45:50.736363"}
{"url": "http://127.0.0.1:56095/api/v1/payments/0xd84d0D4a7243ce77ecB250E380322aaF9dB60299/0x51375e916c9a4c7660573F598F8FFF2F748AB374", "method": "post", "json": {"amount": 1}, "id": "15", "event": "Requesting", "logger": "scenario_player.tasks.api_base", "level": "debug", "timestamp": "2019-05-31 15:45:50.736742"}
{"json": {"initiator_address": "0xBF5EFedCDfFE569aDD51D53d6A407026a4918600", "target_address": "0x51375e916c9a4c7660573F598F8FFF2F748AB374", "amount": 1, "secret_hash": "0xaa762779e325174dee0fa190b88650d73f81ce446c59e7dc4ef65b27bd9b3703", "identifier": 11980483688053919444, "secret": "0x1209f15cf7b9f1e3de073e5feca4ce7bc1b7ff44ecd3becb598d866136aea853", "token_address": "0xd84d0D4a7243ce77ecB250E380322aaF9dB60299"}, "id": "15", "event": "Received response", "logger": "scenario_player.tasks.api_base", "level": "debug", "timestamp": "2019-05-31 15:45:52.459339"}
{"task": "<TransferTask: {'from': 0, 'to': 1, 'amount': 1}>", "id": "15", "event": "Task successful", "logger": "scenario_player.tasks.base", "level": "info", "timestamp": "2019-05-31 15:45:52.459867"}
{"task": "<TransferTask: {'from': 1, 'to': 0, 'amount': 1}>", "id": "16", "event": "Starting task", "logger": "scenario_player.tasks.base", "level": "info", "timestamp": "2019-05-31 15:45:52.460191"}
{"url": "http://127.0.0.1:43201/api/v1/payments/0xd84d0D4a7243ce77ecB250E380322aaF9dB60299/0xBF5EFedCDfFE569aDD51D53d6A407026a4918600", "method": "post", "json": {"amount": 1}, "id": "16", "event": "Requesting", "logger": "scenario_player.tasks.api_base", "level": "debug", "timestamp": "2019-05-31 15:45:52.460591"}
{"json": {"target_address": "0xBF5EFedCDfFE569aDD51D53d6A407026a4918600", "secret": "0xa53f1bbd5ddc7f0165a2f645a17aa04c52bf2295a93c95a309ea7f12d14f64d5", "amount": 1, "identifier": 17681578219593361058, "secret_hash": "0x1719394e99862bab068e9cef65f62e06f0148cae463ff1cf5e9225cf2fa8df0c", "token_address": "0xd84d0D4a7243ce77ecB250E380322aaF9dB60299", "initiator_address": "0x51375e916c9a4c7660573F598F8FFF2F748AB374"}, "id": "16", "event": "Received response", "logger": "scenario_player.tasks.api_base", "level": "debug", "timestamp": "2019-05-31 15:45:54.154615"}
{"task": "<TransferTask: {'from': 1, 'to': 0, 'amount': 1}>", "id": "16", "event": "Task successful", "logger": "scenario_player.tasks.base", "level": "info", "timestamp": "2019-05-31 15:45:54.155149"}
{"task": "<TransferTask: {'from': 0, 'to': 1, 'amount': 1}>", "id": "17", "event": "Starting task", "logger": "scenario_player.tasks.base", "level": "info", "timestamp": "2019-05-31 15:45:54.155487"}
{"url": "http://127.0.0.1:56095/api/v1/payments/0xd84d0D4a7243ce77ecB250E380322aaF9dB60299/0x51375e916c9a4c7660573F598F8FFF2F748AB374", "method": "post", "json": {"amount": 1}, "id": "17", "event": "Requesting", "logger": "scenario_player.tasks.api_base", "level": "debug", "timestamp": "2019-05-31 15:45:54.155881"}
{"json": {"initiator_address": "0xBF5EFedCDfFE569aDD51D53d6A407026a4918600", "target_address": "0x51375e916c9a4c7660573F598F8FFF2F748AB374", "amount": 1, "secret_hash": "0x452825a07f2de73dfbd2099c339227c893815bd2e608ad09c8670e093f02b130", "identifier": 8800793210049927779, "secret": "0x734fb2c3a0da028c89eec00027a4d100552ec5a83ebd30c58736c6effcf3e7dc", "token_address": "0xd84d0D4a7243ce77ecB250E380322aaF9dB60299"}, "id": "17", "event": "Received response", "logger": "scenario_player.tasks.api_base", "level": "debug", "timestamp": "2019-05-31 15:45:55.434039"}
{"task": "<TransferTask: {'from': 0, 'to': 1, 'amount': 1}>", "id": "17", "event": "Task successful", "logger": "scenario_player.tasks.base", "level": "info", "timestamp": "2019-05-31 15:45:55.434588"}
{"task": "<TransferTask: {'from': 1, 'to': 0, 'amount': 1}>", "id": "18", "event": "Starting task", "logger": "scenario_player.tasks.base", "level": "info", "timestamp": "2019-05-31 15:45:55.434928"}
{"url": "http://127.0.0.1:43201/api/v1/payments/0xd84d0D4a7243ce77ecB250E380322aaF9dB60299/0xBF5EFedCDfFE569aDD51D53d6A407026a4918600", "method": "post", "json": {"amount": 1}, "id": "18", "event": "Requesting", "logger": "scenario_player.tasks.api_base", "level": "debug", "timestamp": "2019-05-31 15:45:55.435311"}
{"json": {"target_address": "0xBF5EFedCDfFE569aDD51D53d6A407026a4918600", "secret": "0x37f8e5e9542f42eae24b7dbf6e8159a362127aad3fde966aabcfc8361960866b", "amount": 1, "identifier": 10659395995275937239, "secret_hash": "0x5e8559acc5d695acf3631e3ab6e4c0ad681add2d0c8cd32ca56ea3626ce0507b", "token_address": "0xd84d0D4a7243ce77ecB250E380322aaF9dB60299", "initiator_address": "0x51375e916c9a4c7660573F598F8FFF2F748AB374"}, "id": "18", "event": "Received response", "logger": "scenario_player.tasks.api_base", "level": "debug", "timestamp": "2019-05-31 15:45:56.860286"}
{"task": "<TransferTask: {'from': 1, 'to': 0, 'amount': 1}>", "id": "18", "event": "Task successful", "logger": "scenario_player.tasks.base", "level": "info", "timestamp": "2019-05-31 15:45:56.860832"}
{"task": "<TransferTask: {'from': 0, 'to': 1, 'amount': 1}>", "id": "19", "event": "Starting task", "logger": "scenario_player.tasks.base", "level": "info", "timestamp": "2019-05-31 15:45:56.861189"}
{"url": "http://127.0.0.1:56095/api/v1/payments/0xd84d0D4a7243ce77ecB250E380322aaF9dB60299/0x51375e916c9a4c7660573F598F8FFF2F748AB374", "method": "post", "json": {"amount": 1}, "id": "19", "event": "Requesting", "logger": "scenario_player.tasks.api_base", "level": "debug", "timestamp": "2019-05-31 15:45:56.861601"}
{"json": {"initiator_address": "0xBF5EFedCDfFE569aDD51D53d6A407026a4918600", "target_address": "0x51375e916c9a4c7660573F598F8FFF2F748AB374", "amount": 1, "secret_hash": "0x822497d8cf958d68ed2266942854d04fa8f6838cf44c8882175cb8385a9c4c4c", "identifier": 3894117992120979418, "secret": "0x6770ddebff2e4673c66bed11d6cdb06b0116eda8578b2beec42e02b1cf939cc5", "token_address": "0xd84d0D4a7243ce77ecB250E380322aaF9dB60299"}, "id": "19", "event": "Received response", "logger": "scenario_player.tasks.api_base", "level": "debug", "timestamp": "2019-05-31 15:45:58.430592"}
{"task": "<TransferTask: {'from': 0, 'to': 1, 'amount': 1}>", "id": "19", "event": "Task successful", "logger": "scenario_player.tasks.base", "level": "info", "timestamp": "2019-05-31 15:45:58.431132"}
{"task": "<TransferTask: {'from': 1, 'to': 0, 'amount': 1}>", "id": "20", "event": "Starting task", "logger": "scenario_player.tasks.base", "level": "info", "timestamp": "2019-05-31 15:45:58.431454"}
{"url": "http://127.0.0.1:43201/api/v1/payments/0xd84d0D4a7243ce77ecB250E380322aaF9dB60299/0xBF5EFedCDfFE569aDD51D53d6A407026a4918600", "method": "post", "json": {"amount": 1}, "id": "20", "event": "Requesting", "logger": "scenario_player.tasks.api_base", "level": "debug", "timestamp": "2019-05-31 15:45:58.431806"}
{"json": {"target_address": "0xBF5EFedCDfFE569aDD51D53d6A407026a4918600", "secret": "0x735bd277f240cb5a9f0455c02ac85c2e09d6c2927b52014c02f1dee9803e8ef3", "amount": 1, "identifier": 3671949740941280302, "secret_hash": "0x341fbe0ca80b5bcfb0e22933c783dc5d5a05f30bbdaf506c907a6a6e74b37d83", "token_address": "0xd84d0D4a7243ce77ecB250E380322aaF9dB60299", "initiator_address": "0x51375e916c9a4c7660573F598F8FFF2F748AB374"}, "id": "20", "event": "Received response", "logger": "scenario_player.tasks.api_base", "level": "debug", "timestamp": "2019-05-31 15:45:59.664321"}
{"task": "<TransferTask: {'from': 1, 'to': 0, 'amount': 1}>", "id": "20", "event": "Task successful", "logger": "scenario_player.tasks.base", "level": "info", "timestamp": "2019-05-31 15:45:59.664865"}
{"task": "<TransferTask: {'from': 0, 'to': 1, 'amount': 1}>", "id": "21", "event": "Starting task", "logger": "scenario_player.tasks.base", "level": "info", "timestamp": "2019-05-31 15:45:59.665221"}
{"url": "http://127.0.0.1:56095/api/v1/payments/0xd84d0D4a7243ce77ecB250E380322aaF9dB60299/0x51375e916c9a4c7660573F598F8FFF2F748AB374", "method": "post", "json": {"amount": 1}, "id": "21", "event": "Requesting", "logger": "scenario_player.tasks.api_base", "level": "debug", "timestamp": "2019-05-31 15:45:59.665635"}
{"json": {"initiator_address": "0xBF5EFedCDfFE569aDD51D53d6A407026a4918600", "target_address": "0x51375e916c9a4c7660573F598F8FFF2F748AB374", "amount": 1, "secret_hash": "0x59b651288318b17de937a92e9e043bf01dfebfce4221b793162c32005b2e35d7", "identifier": 6637884503751854982, "secret": "0xff36f6bca7bdbd2353d149e0b80089448193d6e17d4761026ace819aafbd2a02", "token_address": "0xd84d0D4a7243ce77ecB250E380322aaF9dB60299"}, "id": "21", "event": "Received response", "logger": "scenario_player.tasks.api_base", "level": "debug", "timestamp": "2019-05-31 15:46:01.230151"}
{"task": "<TransferTask: {'from': 0, 'to': 1, 'amount': 1}>", "id": "21", "event": "Task successful", "logger": "scenario_player.tasks.base", "level": "info", "timestamp": "2019-05-31 15:46:01.230669"}
{"task": "<TransferTask: {'from': 1, 'to': 0, 'amount': 1}>", "id": "22", "event": "Starting task", "logger": "scenario_player.tasks.base", "level": "info", "timestamp": "2019-05-31 15:46:01.231027"}
{"url": "http://127.0.0.1:43201/api/v1/payments/0xd84d0D4a7243ce77ecB250E380322aaF9dB60299/0xBF5EFedCDfFE569aDD51D53d6A407026a4918600", "method": "post", "json": {"amount": 1}, "id": "22", "event": "Requesting", "logger": "scenario_player.tasks.api_base", "level": "debug", "timestamp": "2019-05-31 15:46:01.231438"}
{"json": {"target_address": "0xBF5EFedCDfFE569aDD51D53d6A407026a4918600", "secret": "0x11d8fcc4c655717eb2ad771136a63ec0c479cb37744289551f1301098280852f", "amount": 1, "identifier": 17357711705146689228, "secret_hash": "0x39c6721e5c46e834ef645e82ef2ba23300b8b2bb51090c1f7fce391707a37a19", "token_address": "0xd84d0D4a7243ce77ecB250E380322aaF9dB60299", "initiator_address": "0x51375e916c9a4c7660573F598F8FFF2F748AB374"}, "id": "22", "event": "Received response", "logger": "scenario_player.tasks.api_base", "level": "debug", "timestamp": "2019-05-31 15:46:02.495712"}
{"task": "<TransferTask: {'from': 1, 'to': 0, 'amount': 1}>", "id": "22", "event": "Task successful", "logger": "scenario_player.tasks.base", "level": "info", "timestamp": "2019-05-31 15:46:02.496330"}
{"task": "<TransferTask: {'from': 0, 'to': 1, 'amount': 1}>", "id": "23", "event": "Starting task", "logger": "scenario_player.tasks.base", "level": "info", "timestamp": "2019-05-31 15:46:02.496703"}
{"url": "http://127.0.0.1:56095/api/v1/payments/0xd84d0D4a7243ce77ecB250E380322aaF9dB60299/0x51375e916c9a4c7660573F598F8FFF2F748AB374", "method": "post", "json": {"amount": 1}, "id": "23", "event": "Requesting", "logger": "scenario_player.tasks.api_base", "level": "debug", "timestamp": "2019-05-31 15:46:02.497093"}
{"json": {"initiator_address": "0xBF5EFedCDfFE569aDD51D53d6A407026a4918600", "target_address": "0x51375e916c9a4c7660573F598F8FFF2F748AB374", "amount": 1, "secret_hash": "0x57085f93c28b2fbec92707313048b10bdd3868bef9c2e5c3bacddea5a4a42160", "identifier": 12718257424398704953, "secret": "0xf9bf94d32d79e0e5df3cf4304a1256520d0daeab57cfbb3b1ecd4bb04611805a", "token_address": "0xd84d0D4a7243ce77ecB250E380322aaF9dB60299"}, "id": "23", "event": "Received response", "logger": "scenario_player.tasks.api_base", "level": "debug", "timestamp": "2019-05-31 15:46:04.043641"}
{"task": "<TransferTask: {'from': 0, 'to': 1, 'amount': 1}>", "id": "23", "event": "Task successful", "logger": "scenario_player.tasks.base", "level": "info", "timestamp": "2019-05-31 15:46:04.044165"}
{"task": "<TransferTask: {'from': 1, 'to': 0, 'amount': 1}>", "id": "24", "event": "Starting task", "logger": "scenario_player.tasks.base", "level": "info", "timestamp": "2019-05-31 15:46:04.044505"}
{"url": "http://127.0.0.1:43201/api/v1/payments/0xd84d0D4a7243ce77ecB250E380322aaF9dB60299/0xBF5EFedCDfFE569aDD51D53d6A407026a4918600", "method": "post", "json": {"amount": 1}, "id": "24", "event": "Requesting", "logger": "scenario_player.tasks.api_base", "level": "debug", "timestamp": "2019-05-31 15:46:04.044890"}
{"json": {"target_address": "0xBF5EFedCDfFE569aDD51D53d6A407026a4918600", "secret": "0xe22ebac1103c3869a71619d39be24aa46a363553edca0768925cf84a13f8c403", "amount": 1, "identifier": 18225945915227498017, "secret_hash": "0x4676678d4acec42ba30764c38d2d1695699c4d1ab107498d2ea487fbabbf6036", "token_address": "0xd84d0D4a7243ce77ecB250E380322aaF9dB60299", "initiator_address": "0x51375e916c9a4c7660573F598F8FFF2F748AB374"}, "id": "24", "event": "Received response", "logger": "scenario_player.tasks.api_base", "level": "debug", "timestamp": "2019-05-31 15:46:05.323328"}
{"task": "<TransferTask: {'from': 1, 'to': 0, 'amount': 1}>", "id": "24", "event": "Task successful", "logger": "scenario_player.tasks.base", "level": "info", "timestamp": "2019-05-31 15:46:05.323849"}
{"task": "<TransferTask: {'from': 0, 'to': 1, 'amount': 1}>", "id": "25", "event": "Starting task", "logger": "scenario_player.tasks.base", "level": "info", "timestamp": "2019-05-31 15:46:05.324196"}
{"url": "http://127.0.0.1:56095/api/v1/payments/0xd84d0D4a7243ce77ecB250E380322aaF9dB60299/0x51375e916c9a4c7660573F598F8FFF2F748AB374", "method": "post", "json": {"amount": 1}, "id": "25", "event": "Requesting", "logger": "scenario_player.tasks.api_base", "level": "debug", "timestamp": "2019-05-31 15:46:05.324593"}
{"json": {"initiator_address": "0xBF5EFedCDfFE569aDD51D53d6A407026a4918600", "target_address": "0x51375e916c9a4c7660573F598F8FFF2F748AB374", "amount": 1, "secret_hash": "0xdf3c0421333bd087eabc0caa18ee8473a95eaab83c023c1c02d1bedcf0146344", "identifier": 11989796536877143163, "secret": "0xb78880cad51d78788f11213a7eec14bf36d5156a2f5e92a90fae3be83002e5c1", "token_address": "0xd84d0D4a7243ce77ecB250E380322aaF9dB60299"}, "id": "25", "event": "Received response", "logger": "scenario_player.tasks.api_base", "level": "debug", "timestamp": "2019-05-31 15:46:06.762707"}
{"task": "<TransferTask: {'from': 0, 'to': 1, 'amount': 1}>", "id": "25", "event": "Task successful", "logger": "scenario_player.tasks.base", "level": "info", "timestamp": "2019-05-31 15:46:06.763236"}
{"task": "<TransferTask: {'from': 1, 'to': 0, 'amount': 1}>", "id": "26", "event": "Starting task", "logger": "scenario_player.tasks.base", "level": "info", "timestamp": "2019-05-31 15:46:06.763588"}
{"url": "http://127.0.0.1:43201/api/v1/payments/0xd84d0D4a7243ce77ecB250E380322aaF9dB60299/0xBF5EFedCDfFE569aDD51D53d6A407026a4918600", "method": "post", "json": {"amount": 1}, "id": "26", "event": "Requesting", "logger": "scenario_player.tasks.api_base", "level": "debug", "timestamp": "2019-05-31 15:46:06.764007"}
{"json": {"target_address": "0xBF5EFedCDfFE569aDD51D53d6A407026a4918600", "secret": "0x24d22935c19033bf9c27612082922159d871bc686182241973f0046c45812d36", "amount": 1, "identifier": 1172097394726041562, "secret_hash": "0x68619979ae92b240ed46d6855b52c41fb10733d453dcefe72fae3b6272b694f6", "token_address": "0xd84d0D4a7243ce77ecB250E380322aaF9dB60299", "initiator_address": "0x51375e916c9a4c7660573F598F8FFF2F748AB374"}, "id": "26", "event": "Received response", "logger": "scenario_player.tasks.api_base", "level": "debug", "timestamp": "2019-05-31 15:46:08.028227"}
{"task": "<TransferTask: {'from': 1, 'to': 0, 'amount': 1}>", "id": "26", "event": "Task successful", "logger": "scenario_player.tasks.base", "level": "info", "timestamp": "2019-05-31 15:46:08.028747"}
{"task": "<TransferTask: {'from': 0, 'to': 1, 'amount': 1}>", "id": "27", "event": "Starting task", "logger": "scenario_player.tasks.base", "level": "info", "timestamp": "2019-05-31 15:46:08.029080"}
{"url": "http://127.0.0.1:56095/api/v1/payments/0xd84d0D4a7243ce77ecB250E380322aaF9dB60299/0x51375e916c9a4c7660573F598F8FFF2F748AB374", "method": "post", "json": {"amount": 1}, "id": "27", "event": "Requesting", "logger": "scenario_player.tasks.api_base", "level": "debug", "timestamp": "2019-05-31 15:46:08.029467"}
{"json": {"initiator_address": "0xBF5EFedCDfFE569aDD51D53d6A407026a4918600", "target_address": "0x51375e916c9a4c7660573F598F8FFF2F748AB374", "amount": 1, "secret_hash": "0xc84e5811cfd06d1ce71ca10f921ae35d420ac81bddf9732daca4ce3b219aef95", "identifier": 12822201932393498809, "secret": "0xe7e130a4d9b74a4ca37c3863acb1ad46b6e160526acd6e7026808f132fae033a", "token_address": "0xd84d0D4a7243ce77ecB250E380322aaF9dB60299"}, "id": "27", "event": "Received response", "logger": "scenario_player.tasks.api_base", "level": "debug", "timestamp": "2019-05-31 15:46:09.268135"}
{"task": "<TransferTask: {'from': 0, 'to': 1, 'amount': 1}>", "id": "27", "event": "Task successful", "logger": "scenario_player.tasks.base", "level": "info", "timestamp": "2019-05-31 15:46:09.268933"}
{"task": "<TransferTask: {'from': 1, 'to': 0, 'amount': 1}>", "id": "28", "event": "Starting task", "logger": "scenario_player.tasks.base", "level": "info", "timestamp": "2019-05-31 15:46:09.269468"}
{"url": "http://127.0.0.1:43201/api/v1/payments/0xd84d0D4a7243ce77ecB250E380322aaF9dB60299/0xBF5EFedCDfFE569aDD51D53d6A407026a4918600", "method": "post", "json": {"amount": 1}, "id": "28", "event": "Requesting", "logger": "scenario_player.tasks.api_base", "level": "debug", "timestamp": "2019-05-31 15:46:09.269865"}
{"json": {"target_address": "0xBF5EFedCDfFE569aDD51D53d6A407026a4918600", "secret": "0xf259cde46884b63adefd323aa70d4bfda4caeeed36044a3303eb74c1f53aad07", "amount": 1, "identifier": 2213927766516764416, "secret_hash": "0xe30e6d53d10a77ce4535b7d20c6b53cff9d74f7f92eb507e49d01d75d060491a", "token_address": "0xd84d0D4a7243ce77ecB250E380322aaF9dB60299", "initiator_address": "0x51375e916c9a4c7660573F598F8FFF2F748AB374"}, "id": "28", "event": "Received response", "logger": "scenario_player.tasks.api_base", "level": "debug", "timestamp": "2019-05-31 15:46:10.796387"}
{"task": "<TransferTask: {'from': 1, 'to': 0, 'amount': 1}>", "id": "28", "event": "Task successful", "logger": "scenario_player.tasks.base", "level": "info", "timestamp": "2019-05-31 15:46:10.796901"}
{"task": "<TransferTask: {'from': 0, 'to': 1, 'amount': 1}>", "id": "29", "event": "Starting task", "logger": "scenario_player.tasks.base", "level": "info", "timestamp": "2019-05-31 15:46:10.797230"}
{"url": "http://127.0.0.1:56095/api/v1/payments/0xd84d0D4a7243ce77ecB250E380322aaF9dB60299/0x51375e916c9a4c7660573F598F8FFF2F748AB374", "method": "post", "json": {"amount": 1}, "id": "29", "event": "Requesting", "logger": "scenario_player.tasks.api_base", "level": "debug", "timestamp": "2019-05-31 15:46:10.797623"}
{"json": {"initiator_address": "0xBF5EFedCDfFE569aDD51D53d6A407026a4918600", "target_address": "0x51375e916c9a4c7660573F598F8FFF2F748AB374", "amount": 1, "secret_hash": "0xf242e582d2f33b376356bfb58ca7482592537327e5b8df1c3ef1779d7bb3cf9e", "identifier": 4055618530833665155, "secret": "0x045ad99507e8a2cb1a28e02a95fc9b635b4595738d8252898a6016a4af0800a5", "token_address": "0xd84d0D4a7243ce77ecB250E380322aaF9dB60299"}, "id": "29", "event": "Received response", "logger": "scenario_player.tasks.api_base", "level": "debug", "timestamp": "2019-05-31 15:46:12.127334"}
{"task": "<TransferTask: {'from': 0, 'to': 1, 'amount': 1}>", "id": "29", "event": "Task successful", "logger": "scenario_player.tasks.base", "level": "info", "timestamp": "2019-05-31 15:46:12.127942"}
{"task": "<TransferTask: {'from': 1, 'to': 0, 'amount': 1}>", "id": "30", "event": "Starting task", "logger": "scenario_player.tasks.base", "level": "info", "timestamp": "2019-05-31 15:46:12.128268"}
{"url": "http://127.0.0.1:43201/api/v1/payments/0xd84d0D4a7243ce77ecB250E380322aaF9dB60299/0xBF5EFedCDfFE569aDD51D53d6A407026a4918600", "method": "post", "json": {"amount": 1}, "id": "30", "event": "Requesting", "logger": "scenario_player.tasks.api_base", "level": "debug", "timestamp": "2019-05-31 15:46:12.128640"}
{"json": {"target_address": "0xBF5EFedCDfFE569aDD51D53d6A407026a4918600", "secret": "0xd2eb7b7abf55f8d7ab8797a532d7670de92ae5102511efdac9c3c6f39ef3b6cc", "amount": 1, "identifier": 4202253807692044742, "secret_hash": "0x05e4d5955652ddfe0afceb125b84954c55f9adf7309ec4fa4ae14145b5e3a9a4", "token_address": "0xd84d0D4a7243ce77ecB250E380322aaF9dB60299", "initiator_address": "0x51375e916c9a4c7660573F598F8FFF2F748AB374"}, "id": "30", "event": "Received response", "logger": "scenario_player.tasks.api_base", "level": "debug", "timestamp": "2019-05-31 15:46:13.695162"}
{"task": "<TransferTask: {'from': 1, 'to': 0, 'amount': 1}>", "id": "30", "event": "Task successful", "logger": "scenario_player.tasks.base", "level": "info", "timestamp": "2019-05-31 15:46:13.695728"}
{"task": "<SerialTask: {'name': 'Serial transfers', 'repeat': 10, 'tasks': [{'transfer': {'from': 0, 'to': 1, 'amount': 1}}, {'transfer': {'from': 1, 'to': 0, 'amount': 1}}]}>", "id": "10", "event": "Task successful", "logger": "scenario_player.tasks.base", "level": "info", "timestamp": "2019-05-31 15:46:13.696068"}
{"task": "<WaitTask: 10>", "id": "31", "event": "Starting task", "logger": "scenario_player.tasks.base", "level": "info", "timestamp": "2019-05-31 15:46:13.696400"}
{"task": "<WaitTask: 10>", "id": "31", "event": "Task successful", "logger": "scenario_player.tasks.base", "level": "info", "timestamp": "2019-05-31 15:46:23.697567"}
{"task": "<ParallelTask: {'name': 'Assert end', 'tasks': [{'assert': {'from': 0, 'to': 1, 'balance': 1000}}, {'assert': {'from': 1, 'to': 0, 'balance': 1000}}]}>", "id": "32", "event": "Starting task", "logger": "scenario_player.tasks.base", "level": "info", "timestamp": "2019-05-31 15:46:23.698392"}
{"task": "<AssertTask: {'from': 0, 'to': 1, 'balance': 1000}>", "id": "33", "event": "Starting task", "logger": "scenario_player.tasks.base", "level": "info", "timestamp": "2019-05-31 15:46:23.699217"}
{"url": "http://127.0.0.1:56095/api/v1/channels/0xd84d0D4a7243ce77ecB250E380322aaF9dB60299/0x51375e916c9a4c7660573F598F8FFF2F748AB374", "method": "get", "json": {}, "id": "33", "event": "Requesting", "logger": "scenario_player.tasks.api_base", "level": "debug", "timestamp": "2019-05-31 15:46:23.699812"}
{"task": "<AssertTask: {'from': 1, 'to': 0, 'balance': 1000}>", "id": "34", "event": "Starting task", "logger": "scenario_player.tasks.base", "level": "info", "timestamp": "2019-05-31 15:46:23.702125"}
{"url": "http://127.0.0.1:43201/api/v1/channels/0xd84d0D4a7243ce77ecB250E380322aaF9dB60299/0xBF5EFedCDfFE569aDD51D53d6A407026a4918600", "method": "get", "json": {}, "id": "34", "event": "Requesting", "logger": "scenario_player.tasks.api_base", "level": "debug", "timestamp": "2019-05-31 15:46:23.702697"}
{"json": {"reveal_timeout": 50, "balance": 1000, "token_network_identifier": "0x3a88C85522c71660Ace2b767a9f947A45B6A91Fb", "partner_address": "0x51375e916c9a4c7660573F598F8FFF2F748AB374", "state": "opened", "settle_timeout": 500, "total_deposit": 1000, "token_address": "0xd84d0D4a7243ce77ecB250E380322aaF9dB60299", "channel_identifier": 1}, "id": "33", "event": "Received response", "logger": "scenario_player.tasks.api_base", "level": "debug", "timestamp": "2019-05-31 15:46:23.709792"}
{"task": "<AssertTask: {'from': 0, 'to': 1, 'balance': 1000}>", "id": "33", "event": "Task successful", "logger": "scenario_player.tasks.base", "level": "info", "timestamp": "2019-05-31 15:46:23.710296"}
{"json": {"balance": 1000, "partner_address": "0xBF5EFedCDfFE569aDD51D53d6A407026a4918600", "state": "opened", "reveal_timeout": 50, "settle_timeout": 500, "channel_identifier": 1, "token_address": "0xd84d0D4a7243ce77ecB250E380322aaF9dB60299", "token_network_identifier": "0x3a88C85522c71660Ace2b767a9f947A45B6A91Fb", "total_deposit": 1000}, "id": "34", "event": "Received response", "logger": "scenario_player.tasks.api_base", "level": "debug", "timestamp": "2019-05-31 15:46:23.711017"}
{"task": "<AssertTask: {'from': 1, 'to': 0, 'balance': 1000}>", "id": "34", "event": "Task successful", "logger": "scenario_player.tasks.base", "level": "info", "timestamp": "2019-05-31 15:46:23.711378"}
{"task": "<ParallelTask: {'name': 'Assert end', 'tasks': [{'assert': {'from': 0, 'to': 1, 'balance': 1000}}, {'assert': {'from': 1, 'to': 0, 'balance': 1000}}]}>", "id": "32", "event": "Task successful", "logger": "scenario_player.tasks.base", "level": "info", "timestamp": "2019-05-31 15:46:23.711727"}
{"task": "<SerialTask: {'tasks': [{'wait': 20}, {'parallel': {'name': 'Open channels', 'tasks': [{'open_channel': {'from': 0, 'to': 1}}, {'open_channel': {'from': 1, 'to': 0}}]}}, {'wait': 10}, {'parallel': {'name': 'Deposit', 'tasks': [{'deposit': {'from': 0, 'to': 1, 'total_deposit': 1000}}, {'deposit': {'from': 1, 'to': 0, 'total_deposit': 1000}}]}}, {'serial': {'name': 'Serial transfers', 'repeat': 10, 'tasks': [{'transfer': {'from': 0, 'to': 1, 'amount': 1}}, {'transfer': {'from': 1, 'to': 0, 'amount': 1}}]}}, {'wait': 10}, {'parallel': {'name': 'Assert end', 'tasks': [{'assert': {'from': 0, 'to': 1, 'balance': 1000}}, {'assert': {'from': 1, 'to': 0, 'balance': 1000}}]}}]}>", "id": "1", "event": "Task successful", "logger": "scenario_player.tasks.base", "level": "info", "timestamp": "2019-05-31 15:46:23.712058"}
{"result": "success", "event": "Run finished", "logger": "scenario_player.main", "level": "info", "timestamp": "2019-05-31 15:46:24.213619"}
{"event": "Press q to exit", "logger": "scenario_player.main", "level": "warning", "timestamp": "2019-05-31 15:46:24.215550"}
{"event": "Stopping nodes", "logger": "scenario_player.node_support", "level": "info", "timestamp": "2019-05-31 15:49:09.335304"}
{"node": 0, "event": "Stopping node", "logger": "scenario_player.node_support", "level": "info", "timestamp": "2019-05-31 15:49:09.336806"}
{"node": 1, "event": "Stopping node", "logger": "scenario_player.node_support", "level": "info", "timestamp": "2019-05-31 15:49:09.337899"}
{"node": 0, "duration": "0:00:01.339540", "event": "Node stopped", "logger": "scenario_player.node_support", "level": "info", "timestamp": "2019-05-31 15:49:10.677424"}
{"node": 1, "duration": "0:00:01.371387", "event": "Node stopped", "logger": "scenario_player.node_support", "level": "info", "timestamp": "2019-05-31 15:49:10.710519"}
{"event": "Nodes stopped", "logger": "scenario_player.node_support", "level": "info", "timestamp": "2019-05-31 15:49:10.711123"}
